<?xml version="1.0" encoding="UTF-8"?>
<testsuite name="jrails.HtmlTest" tests="4" skipped="0" failures="0" errors="0" timestamp="2023-11-20T20:23:20" hostname="heochang-us-MacBook-Air.local" time="0.004">
  <properties/>
  <testcase name="html_test1" classname="jrails.HtmlTest" time="0.001"/>
  <testcase name="htmlTest" classname="jrails.HtmlTest" time="0.001"/>
  <testcase name="empty" classname="jrails.HtmlTest" time="0.002"/>
  <testcase name="sampleTags" classname="jrails.HtmlTest" time="0.0"/>
  <system-out><![CDATA[]]></system-out>
  <system-err><![CDATA[]]></system-err>
</testsuite>
