<?xml version="1.0" encoding="UTF-8"?>
<testsuite name="jrails.ModelTest" tests="1" skipped="0" failures="0" errors="0" timestamp="2023-11-20T20:23:20" hostname="heochang-us-MacBook-Air.local" time="0.011">
  <properties/>
  <testcase name="test1" classname="jrails.ModelTest" time="0.011"/>
  <system-out><![CDATA[1
2
Total models: 2
1
2
3
Total models: 3
2
2
3
Total models: 2
]]></system-out>
  <system-err><![CDATA[]]></system-err>
</testsuite>
